<?xml version="1.0" encoding="UTF-8"?>
<!-- Generated by org.testng.reporters.JUnitReportReporter -->
<testsuite hostname="N0RIND7D203DXFR" failures="0" tests="1" name="api_tests.GETallUsersTest" time="7.046" errors="0" timestamp="2023-02-22T14:30:14 IST" skipped="0">
  <testcase classname="api_tests.GETallUsersTest" name="getUserDetails" time="7.046"/>
  <system-out/>
</testsuite> <!-- api_tests.GETallUsersTest -->
