<?xml version="1.0" encoding="UTF-8"?>
<!-- Generated by org.testng.reporters.JUnitReportReporter -->
<testsuite hostname="DESKTOP-MMIJ5KE" failures="0" tests="2" name="api_tests.sampletest_get" time="5.017" errors="0" timestamp="2023-02-23T12:08:01 IST" skipped="0">
  <testcase classname="api_tests.sampletest_get" name="getWeatherDetails" time="1.649"/>
  <system-out/>
  <testcase classname="api_tests.sampletest_get" name="createEmployee" time="3.368"/>
  <system-out/>
</testsuite> <!-- api_tests.sampletest_get -->
