<?xml version="1.0" encoding="UTF-8"?>
<!-- Generated by org.testng.reporters.JUnitReportReporter -->
<testsuite hostname="N0RIND7D203DXFR" failures="0" tests="3" name="ui_Tests.testLogintest" time="46.271" errors="1" timestamp="2023-02-14T12:40:08 IST" skipped="2">
  <testcase classname="ui_Tests.testLogintest" name="hometest" time="0.000">
    <skipped/>
  </testcase> <!-- hometest -->
  <system-out/>
  <testcase classname="ui_Tests.testLogintest" name="logintest" time="0.000">
    <skipped/>
  </testcase> <!-- logintest -->
  <system-out/>
  <testcase classname="ui_Tests.testLogintest" name="setup" time="46.271">
    <error message="Error {
  message=&#039;Timeout 30000ms exceeded.
=========================== logs ===========================
waiting for selector &quot;input#le&quot;
============================================================
  name=&#039;TimeoutError
  stack=&#039;TimeoutError: Timeout 30000ms exceeded.
=========================== logs ===========================
waiting for selector &quot;input#le&quot;
============================================================
    at ProgressController.run (C:\Users\0167391\AppData\Local\Temp\playwright-java-9563029097922511743\package\lib\server\progress.js:96:26)
    at Frame.fill (C:\Users\0167391\AppData\Local\Temp\playwright-java-9563029097922511743\package\lib\server\frames.js:1236:23)
    at FrameDispatcher.fill (C:\Users\0167391\AppData\Local\Temp\playwright-java-9563029097922511743\package\lib\server\dispatchers\frameDispatcher.js:189:30)
    at DispatcherConnection.dispatch (C:\Users\0167391\AppData\Local\Temp\playwright-java-9563029097922511743\package\lib\server\dispatchers\dispatcher.js:401:46)
}" type="com.microsoft.playwright.TimeoutError">
      <![CDATA[com.microsoft.playwright.TimeoutError: Error {
  message='Timeout 30000ms exceeded.
=========================== logs ===========================
waiting for selector "input#le"
============================================================
  name='TimeoutError
  stack='TimeoutError: Timeout 30000ms exceeded.
=========================== logs ===========================
waiting for selector "input#le"
============================================================
    at ProgressController.run (C:\Users\0167391\AppData\Local\Temp\playwright-java-9563029097922511743\package\lib\server\progress.js:96:26)
    at Frame.fill (C:\Users\0167391\AppData\Local\Temp\playwright-java-9563029097922511743\package\lib\server\frames.js:1236:23)
    at FrameDispatcher.fill (C:\Users\0167391\AppData\Local\Temp\playwright-java-9563029097922511743\package\lib\server\dispatchers\frameDispatcher.js:189:30)
    at DispatcherConnection.dispatch (C:\Users\0167391\AppData\Local\Temp\playwright-java-9563029097922511743\package\lib\server\dispatchers\dispatcher.js:401:46)
}
at com.microsoft.playwright.impl.WaitableResult.get(WaitableResult.java:52)
at com.microsoft.playwright.impl.ChannelOwner.runUntil(ChannelOwner.java:111)
at com.microsoft.playwright.impl.Connection.sendMessage(Connection.java:113)
at com.microsoft.playwright.impl.ChannelOwner.sendMessage(ChannelOwner.java:102)
at com.microsoft.playwright.impl.FrameImpl.fillImpl(FrameImpl.java:339)
at com.microsoft.playwright.impl.PageImpl.lambda$fill$27(PageImpl.java:705)
at com.microsoft.playwright.impl.LoggingSupport.lambda$withLogging$0(LoggingSupport.java:36)
at com.microsoft.playwright.impl.LoggingSupport.withLogging(LoggingSupport.java:47)
at com.microsoft.playwright.impl.ChannelOwner.withLogging(ChannelOwner.java:87)
at com.microsoft.playwright.impl.LoggingSupport.withLogging(LoggingSupport.java:35)
at com.microsoft.playwright.impl.PageImpl.fill(PageImpl.java:704)
at com.microsoft.playwright.Page.fill(Page.java:4367)
at Businesslogic.testLoginPageFucntions.login(testLoginPageFucntions.java:18)
at base.UI_BaseTest.setup(UI_BaseTest.java:43)
at java.base/jdk.internal.reflect.NativeMethodAccessorImpl.invoke0(Native Method)
at java.base/jdk.internal.reflect.NativeMethodAccessorImpl.invoke(NativeMethodAccessorImpl.java:77)
at java.base/jdk.internal.reflect.DelegatingMethodAccessorImpl.invoke(DelegatingMethodAccessorImpl.java:43)
at java.base/java.lang.reflect.Method.invoke(Method.java:568)
at org.testng.internal.MethodInvocationHelper.invokeMethod(MethodInvocationHelper.java:133)
at org.testng.internal.MethodInvocationHelper.invokeMethodConsideringTimeout(MethodInvocationHelper.java:62)
at org.testng.internal.ConfigInvoker.invokeConfigurationMethod(ConfigInvoker.java:385)
at org.testng.internal.ConfigInvoker.invokeConfigurations(ConfigInvoker.java:321)
at org.testng.TestRunner.invokeTestConfigurations(TestRunner.java:637)
at org.testng.TestRunner.beforeRun(TestRunner.java:627)
at org.testng.TestRunner.run(TestRunner.java:589)
at org.testng.SuiteRunner.runTest(SuiteRunner.java:377)
at org.testng.SuiteRunner.access$000(SuiteRunner.java:28)
at org.testng.SuiteRunner$SuiteWorker.run(SuiteRunner.java:418)
at org.testng.internal.thread.ThreadUtil.lambda$execute$0(ThreadUtil.java:64)
at java.base/java.util.concurrent.FutureTask.run(FutureTask.java:264)
at java.base/java.util.concurrent.ThreadPoolExecutor.runWorker(ThreadPoolExecutor.java:1136)
at java.base/java.util.concurrent.ThreadPoolExecutor$Worker.run(ThreadPoolExecutor.java:635)
at java.base/java.lang.Thread.run(Thread.java:833)
Caused by: com.microsoft.playwright.TimeoutError: Error {
  message='Timeout 30000ms exceeded.
=========================== logs ===========================
waiting for selector "input#le"
============================================================
  name='TimeoutError
  stack='TimeoutError: Timeout 30000ms exceeded.
=========================== logs ===========================
waiting for selector "input#le"
============================================================
    at ProgressController.run (C:\Users\0167391\AppData\Local\Temp\playwright-java-9563029097922511743\package\lib\server\progress.js:96:26)
    at Frame.fill (C:\Users\0167391\AppData\Local\Temp\playwright-java-9563029097922511743\package\lib\server\frames.js:1236:23)
    at FrameDispatcher.fill (C:\Users\0167391\AppData\Local\Temp\playwright-java-9563029097922511743\package\lib\server\dispatchers\frameDispatcher.js:189:30)
    at DispatcherConnection.dispatch (C:\Users\0167391\AppData\Local\Temp\playwright-java-9563029097922511743\package\lib\server\dispatchers\dispatcher.js:401:46)
}
at com.microsoft.playwright.impl.Connection.dispatch(Connection.java:193)
at com.microsoft.playwright.impl.Connection.processOneMessage(Connection.java:175)
at com.microsoft.playwright.impl.ChannelOwner.runUntil(ChannelOwner.java:109)
... 31 more
]]>
    </error>
  </testcase> <!-- setup -->
  <system-out/>
</testsuite> <!-- ui_Tests.testLogintest -->
